
> saas-master-pro@1.0.0 build
> next build

▲ Next.js 16.2.4 (Turbopack)
- Environments: .env

  Creating an optimized production build ...
Turbopack build encountered 1 warnings:
./next.config.ts
Encountered unexpected file in NFT list
A file was traced that indicates that the whole project was traced unintentionally. Somewhere in the import trace below, there are:
- filesystem operations (like path.join, path.resolve or fs.readFile), or
- very dynamic requires (like require('./' + foo)).
To resolve this, you can
- remove them if possible, or
- only use them in development, or
- make sure they are statically scoped to some subfolder: path.join(process.cwd(), 'data', bar), or
- add ignore comments: path.join(/*turbopackIgnore: true*/ process.cwd(), bar)

Import trace:
  App Route:
    ./next.config.ts
    ./src/app/api/upload/route.ts


✓ Compiled successfully in 43s
  Running TypeScript ...
  Finished TypeScript in 21.5s ...
  Collecting page data using 1 worker ...
  Generating static pages using 1 worker (0/83) ...
  Generating static pages using 1 worker (20/83) 
  Generating static pages using 1 worker (41/83) 
  Generating static pages using 1 worker (62/83) 
✓ Generating static pages using 1 worker (83/83) in 1115ms
  Finalizing page optimization ...

Route (app)
┌ ƒ /
├ ƒ /_not-found
├ ƒ /api/auth/[...nextauth]
├ ƒ /api/auth/forgot-password
├ ƒ /api/auth/register
├ ƒ /api/auth/reset-password
├ ƒ /api/auth/sessions
├ ƒ /api/auth/two-factor/disable
├ ƒ /api/auth/two-factor/setup
├ ƒ /api/auth/two-factor/verify
├ ƒ /api/auth/verify-email
├ ƒ /api/export
├ ƒ /api/files/[...path]
├ ƒ /api/health
├ ƒ /api/internal/domain-lookup
├ ƒ /api/payment/callback
├ ƒ /api/super-admin/impersonate
├ ƒ /api/super-admin/settings
├ ƒ /api/super-admin/stats
├ ƒ /api/super-admin/tenants
├ ƒ /api/tenant/audit
├ ƒ /api/tenant/billing
├ ƒ /api/tenant/billing/checkout
├ ƒ /api/tenant/by-slug
├ ƒ /api/tenant/contact-submissions
├ ƒ /api/tenant/domain
├ ƒ /api/tenant/domain/verify
├ ƒ /api/tenant/impersonate-user
├ ƒ /api/tenant/invite
├ ƒ /api/tenant/invite/accept
├ ƒ /api/tenant/notifications
├ ƒ /api/tenant/notifications/preferences
├ ƒ /api/tenant/settings
├ ƒ /api/tenant/settings/test
├ ƒ /api/tenant/stats
├ ƒ /api/tenant/theme
├ ƒ /api/tenant/theme/current
├ ƒ /api/tenant/users
├ ƒ /api/tenant/website
├ ƒ /api/upload
├ ƒ /api/user/change-password
├ ƒ /api/user/profile
├ ƒ /api/website/[slug]
├ ƒ /api/website/[slug]/contact
├ ƒ /dashboard
├ ƒ /dashboard/audit
├ ƒ /dashboard/billing
├ ƒ /dashboard/faq
├ ƒ /dashboard/help
├ ƒ /dashboard/my-documents
├ ƒ /dashboard/my-messages
├ ƒ /dashboard/my-schedule
├ ƒ /dashboard/notifications
├ ƒ /dashboard/notifications/preferences
├ ƒ /dashboard/reports
├ ƒ /dashboard/settings
├ ƒ /dashboard/settings/appearance
├ ƒ /dashboard/settings/domain
├ ƒ /dashboard/settings/email
├ ƒ /dashboard/settings/payment
├ ƒ /dashboard/settings/security
├ ƒ /dashboard/settings/whatsapp
├ ƒ /dashboard/users
├ ƒ /dashboard/website
├ ƒ /dashboard/website/about
├ ƒ /dashboard/website/contact
├ ƒ /dashboard/website/gallery
├ ƒ /dashboard/website/services
├ ƒ /forgot-password
├ ƒ /invite/accept
├ ƒ /login
├ ƒ /register
├ ƒ /reset-password
├ ƒ /site/[slug]
├ ƒ /site/[slug]/about
├ ƒ /site/[slug]/contact
├ ƒ /site/[slug]/gallery
├ ƒ /site/[slug]/services
├ ƒ /super-admin
├ ƒ /super-admin/activity
├ ƒ /super-admin/analytics
├ ƒ /super-admin/audit
├ ƒ /super-admin/payments
├ ƒ /super-admin/payments/revenue
├ ƒ /super-admin/settings
├ ƒ /super-admin/settings/email
├ ƒ /super-admin/settings/payment
├ ƒ /super-admin/settings/whatsapp
├ ƒ /super-admin/tenants
├ ƒ /super-admin/tenants/plans
├ ƒ /super-admin/users
└ ƒ /super-admin/users/admins


ƒ Proxy (Middleware)

ƒ  (Dynamic)  server-rendered on demand

